Determining if the function log exists failed with the following output:
Change Dir: /home/poulio/Documents/openSrcLabs/lab5/Step4/Build/CMakeFiles/CMakeTmp

Run Build Command:/usr/bin/make "cmTryCompileExec3878199203/fast"
/usr/bin/make -f CMakeFiles/cmTryCompileExec3878199203.dir/build.make CMakeFiles/cmTryCompileExec3878199203.dir/build
make[1]: Entering directory `/home/poulio/Documents/openSrcLabs/lab5/Step4/Build/CMakeFiles/CMakeTmp'
/usr/bin/cmake -E cmake_progress_report /home/poulio/Documents/openSrcLabs/lab5/Step4/Build/CMakeFiles/CMakeTmp/CMakeFiles 1
Building C object CMakeFiles/cmTryCompileExec3878199203.dir/CheckFunctionExists.c.o
/usr/bin/cc   -DCHECK_FUNCTION_EXISTS=log   -o CMakeFiles/cmTryCompileExec3878199203.dir/CheckFunctionExists.c.o   -c /usr/share/cmake-2.8/Modules/CheckFunctionExists.c
<command-line>:0:23: warning: conflicting types for built-in function ‘log’ [enabled by default]
/usr/share/cmake-2.8/Modules/CheckFunctionExists.c:3:6: note: in expansion of macro ‘CHECK_FUNCTION_EXISTS’
 char CHECK_FUNCTION_EXISTS();
      ^
Linking C executable cmTryCompileExec3878199203
/usr/bin/cmake -E cmake_link_script CMakeFiles/cmTryCompileExec3878199203.dir/link.txt --verbose=1
/usr/bin/cc   -DCHECK_FUNCTION_EXISTS=log    CMakeFiles/cmTryCompileExec3878199203.dir/CheckFunctionExists.c.o  -o cmTryCompileExec3878199203 -rdynamic 
CMakeFiles/cmTryCompileExec3878199203.dir/CheckFunctionExists.c.o: In function `main':
CheckFunctionExists.c:(.text+0x15): undefined reference to `log'
collect2: error: ld returned 1 exit status
make[1]: *** [cmTryCompileExec3878199203] Error 1
make[1]: Leaving directory `/home/poulio/Documents/openSrcLabs/lab5/Step4/Build/CMakeFiles/CMakeTmp'
make: *** [cmTryCompileExec3878199203/fast] Error 2


Determining if the function exp exists failed with the following output:
Change Dir: /home/poulio/Documents/openSrcLabs/lab5/Step4/Build/CMakeFiles/CMakeTmp

Run Build Command:/usr/bin/make "cmTryCompileExec2801775177/fast"
/usr/bin/make -f CMakeFiles/cmTryCompileExec2801775177.dir/build.make CMakeFiles/cmTryCompileExec2801775177.dir/build
make[1]: Entering directory `/home/poulio/Documents/openSrcLabs/lab5/Step4/Build/CMakeFiles/CMakeTmp'
/usr/bin/cmake -E cmake_progress_report /home/poulio/Documents/openSrcLabs/lab5/Step4/Build/CMakeFiles/CMakeTmp/CMakeFiles 1
Building C object CMakeFiles/cmTryCompileExec2801775177.dir/CheckFunctionExists.c.o
/usr/bin/cc   -DCHECK_FUNCTION_EXISTS=exp   -o CMakeFiles/cmTryCompileExec2801775177.dir/CheckFunctionExists.c.o   -c /usr/share/cmake-2.8/Modules/CheckFunctionExists.c
<command-line>:0:23: warning: conflicting types for built-in function ‘exp’ [enabled by default]
/usr/share/cmake-2.8/Modules/CheckFunctionExists.c:3:6: note: in expansion of macro ‘CHECK_FUNCTION_EXISTS’
 char CHECK_FUNCTION_EXISTS();
      ^
Linking C executable cmTryCompileExec2801775177
/usr/bin/cmake -E cmake_link_script CMakeFiles/cmTryCompileExec2801775177.dir/link.txt --verbose=1
/usr/bin/cc   -DCHECK_FUNCTION_EXISTS=exp    CMakeFiles/cmTryCompileExec2801775177.dir/CheckFunctionExists.c.o  -o cmTryCompileExec2801775177 -rdynamic 
CMakeFiles/cmTryCompileExec2801775177.dir/CheckFunctionExists.c.o: In function `main':
CheckFunctionExists.c:(.text+0x15): undefined reference to `exp'
collect2: error: ld returned 1 exit status
make[1]: *** [cmTryCompileExec2801775177] Error 1
make[1]: Leaving directory `/home/poulio/Documents/openSrcLabs/lab5/Step4/Build/CMakeFiles/CMakeTmp'
make: *** [cmTryCompileExec2801775177/fast] Error 2


